<?xml version="1.0" encoding="UTF-8"?>
<testng-results skipped="0" failed="0" ignored="0" total="1" passed="1">
  <reporter-output>
  </reporter-output>
  <suite name="Suite" duration-ms="177948" started-at="2020-10-30T10:01:29Z" finished-at="2020-10-30T10:04:27Z">
    <groups>
    </groups>
    <test name="Test" duration-ms="177948" started-at="2020-10-30T10:01:29Z" finished-at="2020-10-30T10:04:27Z">
      <class name="com.automationpractice.TestScripts.VerifyPlaceOrderTest">
        <test-method status="PASS" signature="openApplication(java.lang.String)[pri:0, instance:com.automationpractice.TestScripts.VerifyPlaceOrderTest@59f99ea]" name="openApplication" is-config="true" duration-ms="58542" started-at="2020-10-30T10:01:29Z" finished-at="2020-10-30T10:02:27Z">
          <params>
            <param index="0">
              <value>
                <![CDATA[Chrome]]>
              </value>
            </param>
          </params>
          <reporter-output>
          </reporter-output>
        </test-method> <!-- openApplication -->
        <test-method status="PASS" signature="verifyPlaceOrder()[pri:0, instance:com.automationpractice.TestScripts.VerifyPlaceOrderTest@59f99ea]" name="verifyPlaceOrder" duration-ms="114677" started-at="2020-10-30T10:02:27Z" finished-at="2020-10-30T10:04:22Z">
          <reporter-output>
          </reporter-output>
        </test-method> <!-- verifyPlaceOrder -->
        <test-method status="PASS" signature="closeApplication()[pri:0, instance:com.automationpractice.TestScripts.VerifyPlaceOrderTest@59f99ea]" name="closeApplication" is-config="true" duration-ms="4665" started-at="2020-10-30T10:04:22Z" finished-at="2020-10-30T10:04:27Z">
          <reporter-output>
          </reporter-output>
        </test-method> <!-- closeApplication -->
      </class> <!-- com.automationpractice.TestScripts.VerifyPlaceOrderTest -->
    </test> <!-- Test -->
  </suite> <!-- Suite -->
</testng-results>
